{"uuid":"1b2a9a58-5ed1-4b00-a7bc-acc26a4b3af5","historyId":"e931d78afa48c2be01abd0eab3063765","fullName":"Sprint 1 Execution Set: Verify Login Functionality","labels":[{"name":"tag","value":"DS-8"},{"name":"tag","value":"TEST_DS-1"},{"name":"tag","value":"TESTSET_DS-7"},{"name":"tag","value":"App1"},{"name":"tag","value":"Regression"},{"name":"tag","value":"Smoke"},{"name":"host","value":"LIN59019277"},{"name":"thread","value":"18328@LIN59019277.main(1)"},{"name":"feature","value":"Sprint 1 Execution Set"},{"name":"story","value":"Verify Login Functionality"},{"name":"suite","value":"Sprint 1 Execution Set"},{"name":"testClass","value":"Verify Login Functionality"},{"name":"framework","value":"cucumber4jvm"},{"name":"language","value":"java"},{"name":"gherkin_uri","value":"file:///C:/DEMO/DEMO_FRM/HubAnnotator/src/test/resources/features/demo.feature"},{"name":"package","value":"src.test.resources.features.demo_feature.Sprint 1 Execution Set"}],"links":[],"name":"Verify Login Functionality","status":"broken","statusDetails":{"known":false,"muted":false,"flaky":false,"message":"Unable to establish websocket connection to http://localhost:51689/devtools/browser/b5305f72-070a-4d80-a3dd-39713449192a\nBuild info: version: '4.7.1', revision: 'c6795baf1a3'\nSystem info: os.name: 'Windows 10', os.arch: 'amd64', os.version: '10.0', java.version: '17.0.1'\nDriver info: driver.version: ChromeDriver","trace":"org.openqa.selenium.remote.http.ConnectionFailedException: Unable to establish websocket connection to http://localhost:51689/devtools/browser/b5305f72-070a-4d80-a3dd-39713449192a\nBuild info: version: '4.7.1', revision: 'c6795baf1a3'\nSystem info: os.name: 'Windows 10', os.arch: 'amd64', os.version: '10.0', java.version: '17.0.1'\nDriver info: driver.version: ChromeDriver\r\n\tat org.openqa.selenium.remote.http.netty.NettyWebSocket.<init>(NettyWebSocket.java:102)\r\n\tat org.openqa.selenium.remote.http.netty.NettyWebSocket.lambda$create$3(NettyWebSocket.java:128)\r\n\tat org.openqa.selenium.remote.http.netty.NettyClient.openSocket(NettyClient.java:107)\r\n\tat org.openqa.selenium.devtools.Connection.<init>(Connection.java:78)\r\n\tat org.openqa.selenium.chromium.ChromiumDriver.lambda$new$2(ChromiumDriver.java:116)\r\n\tat java.base/java.util.Optional.map(Optional.java:260)\r\n\tat org.openqa.selenium.chromium.ChromiumDriver.<init>(ChromiumDriver.java:114)\r\n\tat org.openqa.selenium.chrome.ChromeDriver.<init>(ChromeDriver.java:81)\r\n\tat org.openqa.selenium.chrome.ChromeDriver.<init>(ChromeDriver.java:49)\r\n\tat com.org.qa.classPackage.Login.openBrowser(Login.java:23)\r\n\tat com.org.qa.steps.SwagStepDef.iAmAnExistingUser(SwagStepDef.java:29)\r\n\tat ✽.i am an existing user(file:///C:/DEMO/DEMO_FRM/HubAnnotator/src/test/resources/features/demo.feature:7)\r\n"},"stage":"finished","steps":[{"name":"Given  i am an existing user","status":"broken","statusDetails":{"known":false,"muted":false,"flaky":false,"message":"Unable to establish websocket connection to http://localhost:51689/devtools/browser/b5305f72-070a-4d80-a3dd-39713449192a\nBuild info: version: '4.7.1', revision: 'c6795baf1a3'\nSystem info: os.name: 'Windows 10', os.arch: 'amd64', os.version: '10.0', java.version: '17.0.1'\nDriver info: driver.version: ChromeDriver","trace":"org.openqa.selenium.remote.http.ConnectionFailedException: Unable to establish websocket connection to http://localhost:51689/devtools/browser/b5305f72-070a-4d80-a3dd-39713449192a\nBuild info: version: '4.7.1', revision: 'c6795baf1a3'\nSystem info: os.name: 'Windows 10', os.arch: 'amd64', os.version: '10.0', java.version: '17.0.1'\nDriver info: driver.version: ChromeDriver\r\n\tat org.openqa.selenium.remote.http.netty.NettyWebSocket.<init>(NettyWebSocket.java:102)\r\n\tat org.openqa.selenium.remote.http.netty.NettyWebSocket.lambda$create$3(NettyWebSocket.java:128)\r\n\tat org.openqa.selenium.remote.http.netty.NettyClient.openSocket(NettyClient.java:107)\r\n\tat org.openqa.selenium.devtools.Connection.<init>(Connection.java:78)\r\n\tat org.openqa.selenium.chromium.ChromiumDriver.lambda$new$2(ChromiumDriver.java:116)\r\n\tat java.base/java.util.Optional.map(Optional.java:260)\r\n\tat org.openqa.selenium.chromium.ChromiumDriver.<init>(ChromiumDriver.java:114)\r\n\tat org.openqa.selenium.chrome.ChromeDriver.<init>(ChromeDriver.java:81)\r\n\tat org.openqa.selenium.chrome.ChromeDriver.<init>(ChromeDriver.java:49)\r\n\tat com.org.qa.classPackage.Login.openBrowser(Login.java:23)\r\n\tat com.org.qa.steps.SwagStepDef.iAmAnExistingUser(SwagStepDef.java:29)\r\n\tat ✽.i am an existing user(file:///C:/DEMO/DEMO_FRM/HubAnnotator/src/test/resources/features/demo.feature:7)\r\n"},"stage":"finished","steps":[],"attachments":[],"parameters":[],"start":1678542316428,"stop":1678542317534},{"name":"When  i open browser to \"https://www.saucedemo.com/\": www.saucedemo.com","status":"skipped","statusDetails":{"known":false,"muted":false,"flaky":false},"stage":"finished","steps":[],"attachments":[],"parameters":[],"start":1678542317535,"stop":1678542317535},{"name":"And  fill correct username as \"standard_user\" and password as \"secret_sauce\"","status":"skipped","statusDetails":{"known":false,"muted":false,"flaky":false},"stage":"finished","steps":[],"attachments":[],"parameters":[],"start":1678542317536,"stop":1678542317536},{"name":"And  press login button","status":"skipped","statusDetails":{"known":false,"muted":false,"flaky":false},"stage":"finished","steps":[],"attachments":[],"parameters":[],"start":1678542317537,"stop":1678542317537},{"name":"Then  i see my application dashboard","status":"skipped","statusDetails":{"known":false,"muted":false,"flaky":false},"stage":"finished","steps":[],"attachments":[],"parameters":[],"start":1678542317538,"stop":1678542317538}],"attachments":[],"parameters":[{"name":"url","value":"https://www.saucedemo.com/"},{"name":"Username","value":"standard_user"},{"name":"password","value":"secret_sauce"}],"start":1678542316428,"stop":1678542317552}