{"uuid":"aefa5f10-9a41-49ca-8c76-156bc77527b0","historyId":"780a602cbbdc24d48eff6ca21d346094","fullName":"Sprint 1 Execution Set: Verify Login Functionality","labels":[{"name":"tag","value":"DS-8"},{"name":"tag","value":"TEST_DS-1"},{"name":"tag","value":"TESTSET_DS-7"},{"name":"tag","value":"App1"},{"name":"tag","value":"Regression"},{"name":"tag","value":"Smoke"},{"name":"host","value":"inlen8520018656"},{"name":"thread","value":"28448@inlen8520018656.main(1)"},{"name":"feature","value":"Sprint 1 Execution Set"},{"name":"story","value":"Verify Login Functionality"},{"name":"suite","value":"Sprint 1 Execution Set"},{"name":"testClass","value":"Verify Login Functionality"},{"name":"framework","value":"cucumber4jvm"},{"name":"language","value":"java"},{"name":"gherkin_uri","value":"file:///C:/HubAnnotator/src/test/resources/features/demo.feature"},{"name":"package","value":"src.test.resources.features.demo_feature.Sprint 1 Execution Set"}],"links":[],"name":"Verify Login Functionality","status":"broken","statusDetails":{"known":false,"muted":false,"flaky":false,"message":"Unable to establish websocket connection to http://localhost:53204/devtools/browser/f0dbb0c0-82c5-4841-a04c-5e052986094c\nBuild info: version: '4.7.1', revision: 'c6795baf1a3'\nSystem info: os.name: 'Windows 10', os.arch: 'amd64', os.version: '10.0', java.version: '16'\nDriver info: driver.version: ChromeDriver","trace":"org.openqa.selenium.remote.http.ConnectionFailedException: Unable to establish websocket connection to http://localhost:53204/devtools/browser/f0dbb0c0-82c5-4841-a04c-5e052986094c\nBuild info: version: '4.7.1', revision: 'c6795baf1a3'\nSystem info: os.name: 'Windows 10', os.arch: 'amd64', os.version: '10.0', java.version: '16'\nDriver info: driver.version: ChromeDriver\r\n\tat org.openqa.selenium.remote.http.netty.NettyWebSocket.<init>(NettyWebSocket.java:102)\r\n\tat org.openqa.selenium.remote.http.netty.NettyWebSocket.lambda$create$3(NettyWebSocket.java:128)\r\n\tat org.openqa.selenium.remote.http.netty.NettyClient.openSocket(NettyClient.java:107)\r\n\tat org.openqa.selenium.devtools.Connection.<init>(Connection.java:78)\r\n\tat org.openqa.selenium.chromium.ChromiumDriver.lambda$new$2(ChromiumDriver.java:116)\r\n\tat java.base/java.util.Optional.map(Optional.java:260)\r\n\tat org.openqa.selenium.chromium.ChromiumDriver.<init>(ChromiumDriver.java:114)\r\n\tat org.openqa.selenium.chrome.ChromeDriver.<init>(ChromeDriver.java:81)\r\n\tat org.openqa.selenium.chrome.ChromeDriver.<init>(ChromeDriver.java:49)\r\n\tat com.dtici.qa.classPackage.Login.openBrowser(Login.java:23)\r\n\tat com.dtici.qa.steps.SwagStepDef.iAmAnExistingUser(SwagStepDef.java:29)\r\n\tat ✽.i am an existing user(file:///C:/HubAnnotator/src/test/resources/features/demo.feature:7)\r\n"},"stage":"finished","steps":[{"name":"Given  i am an existing user","status":"broken","statusDetails":{"known":false,"muted":false,"flaky":false,"message":"Unable to establish websocket connection to http://localhost:53204/devtools/browser/f0dbb0c0-82c5-4841-a04c-5e052986094c\nBuild info: version: '4.7.1', revision: 'c6795baf1a3'\nSystem info: os.name: 'Windows 10', os.arch: 'amd64', os.version: '10.0', java.version: '16'\nDriver info: driver.version: ChromeDriver","trace":"org.openqa.selenium.remote.http.ConnectionFailedException: Unable to establish websocket connection to http://localhost:53204/devtools/browser/f0dbb0c0-82c5-4841-a04c-5e052986094c\nBuild info: version: '4.7.1', revision: 'c6795baf1a3'\nSystem info: os.name: 'Windows 10', os.arch: 'amd64', os.version: '10.0', java.version: '16'\nDriver info: driver.version: ChromeDriver\r\n\tat org.openqa.selenium.remote.http.netty.NettyWebSocket.<init>(NettyWebSocket.java:102)\r\n\tat org.openqa.selenium.remote.http.netty.NettyWebSocket.lambda$create$3(NettyWebSocket.java:128)\r\n\tat org.openqa.selenium.remote.http.netty.NettyClient.openSocket(NettyClient.java:107)\r\n\tat org.openqa.selenium.devtools.Connection.<init>(Connection.java:78)\r\n\tat org.openqa.selenium.chromium.ChromiumDriver.lambda$new$2(ChromiumDriver.java:116)\r\n\tat java.base/java.util.Optional.map(Optional.java:260)\r\n\tat org.openqa.selenium.chromium.ChromiumDriver.<init>(ChromiumDriver.java:114)\r\n\tat org.openqa.selenium.chrome.ChromeDriver.<init>(ChromeDriver.java:81)\r\n\tat org.openqa.selenium.chrome.ChromeDriver.<init>(ChromeDriver.java:49)\r\n\tat com.dtici.qa.classPackage.Login.openBrowser(Login.java:23)\r\n\tat com.dtici.qa.steps.SwagStepDef.iAmAnExistingUser(SwagStepDef.java:29)\r\n\tat ✽.i am an existing user(file:///C:/HubAnnotator/src/test/resources/features/demo.feature:7)\r\n"},"stage":"finished","steps":[],"attachments":[],"parameters":[],"start":1680329277666,"stop":1680329279152},{"name":"When  i open browser to \"https://www.saucedemo.com/\": www.saucedemo.com","status":"skipped","statusDetails":{"known":false,"muted":false,"flaky":false},"stage":"finished","steps":[],"attachments":[],"parameters":[],"start":1680329279153,"stop":1680329279153},{"name":"And  fill correct username as \"standard_user\" and password as \"secret_sauce\"","status":"skipped","statusDetails":{"known":false,"muted":false,"flaky":false},"stage":"finished","steps":[],"attachments":[],"parameters":[],"start":1680329279154,"stop":1680329279154},{"name":"And  press login button","status":"skipped","statusDetails":{"known":false,"muted":false,"flaky":false},"stage":"finished","steps":[],"attachments":[],"parameters":[],"start":1680329279154,"stop":1680329279155},{"name":"Then  i see my application dashboard","status":"skipped","statusDetails":{"known":false,"muted":false,"flaky":false},"stage":"finished","steps":[],"attachments":[],"parameters":[],"start":1680329279155,"stop":1680329279155}],"attachments":[],"parameters":[{"name":"url","value":"https://www.saucedemo.com/"},{"name":"Username","value":"standard_user"},{"name":"password","value":"secret_sauce"}],"start":1680329277666,"stop":1680329279156}